2020-07-17 18:52:51 vallic Array
(
    [err] => 
    [msg] => Array
        (
            [order_id] => 79499
            [product_id] => 8914
            [quantity] => 1
            [name] => Transformer PrestaShop Theme - Premium Responsive PrestaShop Theme
            [expire_date] => 1609756697
            [purchase_date] => July 4, 2020
            [purchase_time] => 1593859097
            [expire_date_all] => 1609756697
        )

)

2020-07-17 18:52:51 reglic: 1593820800-0b8765520-0b87679499-0b8768914-1609756697: Array
(
    [err] => 
    [token] => 6e6f237f354f97635dd8aa602df461e1
    [msg] => Registered new store.
)

2020-08-13 17:40:33 getbytoken Array
(
    [err] => 
    [msg] => Array
        (
            [pc_id] => 6854
            [pc_code] => 1593820800-0b8765520-0b87679499-0b8768914-1609756697
            [pc_domain] => aparatosgimnasia.es
            [pc_create_time] => 1595004771
            [pc_update_time] => 1595004771
            [pc_cookie_key] => paP9v8HiwYqy0NSC3Jo6mtsSqcQATBK2DXy0y8rw39o8VrZfs6wThiF6
            [pc_cookie_iv] => HHffisZL
            [pc_active] => 1
            [pc_token] => 6e6f237f354f97635dd8aa602df461e1
        )

)

2020-08-16 10:44:02 vallic Array
(
    [err] => 
    [msg] => Array
        (
            [order_id] => 79499
            [product_id] => 8914
            [quantity] => 1
            [name] => Transformer PrestaShop Theme - Premium Responsive PrestaShop Theme
            [expire_date] => 1609756697
            [purchase_date] => July 4, 2020
            [purchase_time] => 1593859097
            [expire_date_all] => 1609756697
        )

)

2020-08-16 10:44:02 reglic: 1593820800-0b8765520-0b87679499-0b8768914-1609756697: Array
(
    [err] => 
    [token] => ae1ce77057bd31d44832a0bb88dbc6a0
    [msg] => Registered new store.
)

2020-08-31 19:51:58 getbytoken Array
(
    [err] => 
    [msg] => Array
        (
            [pc_id] => 7107
            [pc_code] => 1593820800-0b8765520-0b87679499-0b8768914-1609756697
            [pc_domain] => 100x100fitness.com
            [pc_create_time] => 1597567442
            [pc_update_time] => 1597567442
            [pc_cookie_key] => paP9v8HiwYqy0NSC3Jo6mtsSqcQATBK2DXy0y8rw39o8VrZfs6wThiF6
            [pc_cookie_iv] => HHffisZL
            [pc_active] => 1
            [pc_token] => ae1ce77057bd31d44832a0bb88dbc6a0
        )

)

2020-09-29 10:02:52 getbytoken Array
(
    [err] => 
    [msg] => Array
        (
            [pc_id] => 7107
            [pc_code] => 1593820800-0b8765520-0b87679499-0b8768914-1609756697
            [pc_domain] => 100x100fitness.com
            [pc_create_time] => 1597567442
            [pc_update_time] => 1597567442
            [pc_cookie_key] => paP9v8HiwYqy0NSC3Jo6mtsSqcQATBK2DXy0y8rw39o8VrZfs6wThiF6
            [pc_cookie_iv] => HHffisZL
            [pc_active] => 1
            [pc_token] => ae1ce77057bd31d44832a0bb88dbc6a0
        )

)

2020-10-14 18:21:43 getbytoken Array
(
    [err] => 
    [msg] => Array
        (
            [pc_id] => 7107
            [pc_code] => 1593820800-0b8765520-0b87679499-0b8768914-1609756697
            [pc_domain] => 100x100fitness.com
            [pc_create_time] => 1597567442
            [pc_update_time] => 1597567442
            [pc_cookie_key] => paP9v8HiwYqy0NSC3Jo6mtsSqcQATBK2DXy0y8rw39o8VrZfs6wThiF6
            [pc_cookie_iv] => HHffisZL
            [pc_active] => 1
            [pc_token] => ae1ce77057bd31d44832a0bb88dbc6a0
        )

)

2020-11-06 12:02:21 getbytoken Array
(
    [err] => 
    [msg] => Array
        (
            [pc_id] => 7107
            [pc_code] => 1593820800-0b8765520-0b87679499-0b8768914-1609756697
            [pc_domain] => 100x100fitness.com
            [pc_create_time] => 1597567442
            [pc_update_time] => 1597567442
            [pc_cookie_key] => paP9v8HiwYqy0NSC3Jo6mtsSqcQATBK2DXy0y8rw39o8VrZfs6wThiF6
            [pc_cookie_iv] => HHffisZL
            [pc_active] => 1
            [pc_token] => ae1ce77057bd31d44832a0bb88dbc6a0
        )

)

2020-11-21 13:13:42 getbytoken Array
(
    [err] => 
    [msg] => Array
        (
            [pc_id] => 7107
            [pc_code] => 1593820800-0b8765520-0b87679499-0b8768914-1609756697
            [pc_domain] => 100x100fitness.com
            [pc_create_time] => 1597567442
            [pc_update_time] => 1597567442
            [pc_cookie_key] => paP9v8HiwYqy0NSC3Jo6mtsSqcQATBK2DXy0y8rw39o8VrZfs6wThiF6
            [pc_cookie_iv] => HHffisZL
            [pc_active] => 1
            [pc_token] => ae1ce77057bd31d44832a0bb88dbc6a0
        )

)

2021-01-12 13:15:30 getbytoken Array
(
    [err] => 
    [msg] => Array
        (
            [pc_id] => 7107
            [pc_code] => 1593820800-0b8765520-0b87679499-0b8768914-1609756697
            [pc_domain] => 100x100fitness.com
            [pc_create_time] => 1597567442
            [pc_update_time] => 1597567442
            [pc_cookie_key] => paP9v8HiwYqy0NSC3Jo6mtsSqcQATBK2DXy0y8rw39o8VrZfs6wThiF6
            [pc_cookie_iv] => HHffisZL
            [pc_active] => 1
            [pc_token] => ae1ce77057bd31d44832a0bb88dbc6a0
        )

)

2021-01-29 10:21:29 getbytoken Array
(
    [err] => 
    [msg] => Array
        (
            [pc_id] => 7107
            [pc_code] => 1593820800-0b8765520-0b87679499-0b8768914-1609756697
            [pc_domain] => 100x100fitness.com
            [pc_create_time] => 1597567442
            [pc_update_time] => 1597567442
            [pc_cookie_key] => paP9v8HiwYqy0NSC3Jo6mtsSqcQATBK2DXy0y8rw39o8VrZfs6wThiF6
            [pc_cookie_iv] => HHffisZL
            [pc_active] => 1
            [pc_token] => ae1ce77057bd31d44832a0bb88dbc6a0
        )

)

2021-02-23 20:39:46 getbytoken Array
(
    [err] => 
    [msg] => Array
        (
            [pc_id] => 7107
            [pc_code] => 1593820800-0b8765520-0b87679499-0b8768914-1609756697
            [pc_domain] => 100x100fitness.com
            [pc_create_time] => 1597567442
            [pc_update_time] => 1597567442
            [pc_cookie_key] => paP9v8HiwYqy0NSC3Jo6mtsSqcQATBK2DXy0y8rw39o8VrZfs6wThiF6
            [pc_cookie_iv] => HHffisZL
            [pc_active] => 1
            [pc_token] => ae1ce77057bd31d44832a0bb88dbc6a0
        )

)

2021-12-15 07:41:32 getbytoken Array
(
    [err] => 
    [msg] => Array
        (
            [pc_id] => 7107
            [pc_code] => 1593820800-0b8765520-0b87679499-0b8768914-1609756697
            [pc_domain] => 100x100fitness.com
            [pc_create_time] => 1597567442
            [pc_update_time] => 1597567442
            [pc_cookie_key] => paP9v8HiwYqy0NSC3Jo6mtsSqcQATBK2DXy0y8rw39o8VrZfs6wThiF6
            [pc_cookie_iv] => HHffisZL
            [pc_active] => 1
            [pc_token] => ae1ce77057bd31d44832a0bb88dbc6a0
        )

)

2022-02-24 17:57:01 getbytoken Array
(
    [err] => 
    [msg] => Array
        (
            [pc_id] => 7107
            [pc_code] => 1593820800-0b8765520-0b87679499-0b8768914-1609756697
            [pc_domain] => 100x100fitness.com
            [pc_create_time] => 1597567442
            [pc_update_time] => 1597567442
            [pc_cookie_key] => paP9v8HiwYqy0NSC3Jo6mtsSqcQATBK2DXy0y8rw39o8VrZfs6wThiF6
            [pc_cookie_iv] => HHffisZL
            [pc_active] => 1
            [pc_token] => ae1ce77057bd31d44832a0bb88dbc6a0
        )

)

2022-04-04 09:46:45 getbytoken Array
(
    [err] => 
    [msg] => Array
        (
            [pc_id] => 7107
            [pc_code] => 1593820800-0b8765520-0b87679499-0b8768914-1609756697
            [pc_domain] => 100x100fitness.com
            [pc_create_time] => 1597567442
            [pc_update_time] => 1597567442
            [pc_cookie_key] => paP9v8HiwYqy0NSC3Jo6mtsSqcQATBK2DXy0y8rw39o8VrZfs6wThiF6
            [pc_cookie_iv] => HHffisZL
            [pc_active] => 1
            [pc_token] => ae1ce77057bd31d44832a0bb88dbc6a0
        )

)

2022-05-06 13:14:43 getbytoken Array
(
    [err] => 
    [msg] => Array
        (
            [pc_id] => 7107
            [pc_code] => 1593820800-0b8765520-0b87679499-0b8768914-1609756697
            [pc_domain] => 100x100fitness.com
            [pc_create_time] => 1597567442
            [pc_update_time] => 1597567442
            [pc_cookie_key] => paP9v8HiwYqy0NSC3Jo6mtsSqcQATBK2DXy0y8rw39o8VrZfs6wThiF6
            [pc_cookie_iv] => HHffisZL
            [pc_active] => 1
            [pc_token] => ae1ce77057bd31d44832a0bb88dbc6a0
        )

)

2022-09-20 13:58:53 getbytoken Array
(
    [err] => 
    [msg] => Array
        (
            [pc_id] => 7107
            [pc_code] => 1593820800-0b8765520-0b87679499-0b8768914-1609756697
            [pc_domain] => 100x100fitness.com
            [pc_create_time] => 1597567442
            [pc_update_time] => 1597567442
            [pc_cookie_key] => paP9v8HiwYqy0NSC3Jo6mtsSqcQATBK2DXy0y8rw39o8VrZfs6wThiF6
            [pc_cookie_iv] => HHffisZL
            [pc_active] => 1
            [pc_token] => ae1ce77057bd31d44832a0bb88dbc6a0
        )

)

2022-10-17 09:00:59 getbytoken Array
(
    [err] => 
    [msg] => Array
        (
            [pc_id] => 7107
            [pc_code] => 1593820800-0b8765520-0b87679499-0b8768914-1609756697
            [pc_domain] => 100x100fitness.com
            [pc_create_time] => 1597567442
            [pc_update_time] => 1597567442
            [pc_cookie_key] => paP9v8HiwYqy0NSC3Jo6mtsSqcQATBK2DXy0y8rw39o8VrZfs6wThiF6
            [pc_cookie_iv] => HHffisZL
            [pc_active] => 1
            [pc_token] => ae1ce77057bd31d44832a0bb88dbc6a0
        )

)

2022-12-18 22:07:10 getbytoken Array
(
    [err] => 
    [msg] => Array
        (
            [pc_id] => 7107
            [pc_code] => 1593820800-0b8765520-0b87679499-0b8768914-1609756697
            [pc_domain] => 100x100fitness.com
            [pc_create_time] => 1597567442
            [pc_update_time] => 1597567442
            [pc_cookie_key] => paP9v8HiwYqy0NSC3Jo6mtsSqcQATBK2DXy0y8rw39o8VrZfs6wThiF6
            [pc_cookie_iv] => HHffisZL
            [pc_active] => 1
            [pc_token] => ae1ce77057bd31d44832a0bb88dbc6a0
        )

)

2023-03-13 15:30:11 getbytoken Array
(
    [err] => 
    [msg] => Array
        (
            [pc_id] => 7107
            [pc_code] => 1593820800-0b8765520-0b87679499-0b8768914-1609756697
            [pc_domain] => 100x100fitness.com
            [pc_create_time] => 1597567442
            [pc_update_time] => 1597567442
            [pc_cookie_key] => paP9v8HiwYqy0NSC3Jo6mtsSqcQATBK2DXy0y8rw39o8VrZfs6wThiF6
            [pc_cookie_iv] => HHffisZL
            [pc_active] => 1
            [pc_token] => ae1ce77057bd31d44832a0bb88dbc6a0
        )

)

2023-09-13 22:45:55 getbytoken Array
(
    [err] => 
    [msg] => Array
        (
            [pc_id] => 7107
            [pc_code] => 1593820800-0b8765520-0b87679499-0b8768914-1609756697
            [pc_domain] => 100x100fitness.com
            [pc_create_time] => 1597567442
            [pc_update_time] => 1597567442
            [pc_cookie_key] => paP9v8HiwYqy0NSC3Jo6mtsSqcQATBK2DXy0y8rw39o8VrZfs6wThiF6
            [pc_cookie_iv] => HHffisZL
            [pc_active] => 1
            [pc_token] => ae1ce77057bd31d44832a0bb88dbc6a0
        )

)

2023-11-02 22:30:10 getbytoken Array
(
    [err] => 
    [msg] => Array
        (
            [pc_id] => 7107
            [pc_code] => 1593820800-0b8765520-0b87679499-0b8768914-1609756697
            [pc_domain] => 100x100fitness.com
            [pc_create_time] => 1597567442
            [pc_update_time] => 1597567442
            [pc_cookie_key] => paP9v8HiwYqy0NSC3Jo6mtsSqcQATBK2DXy0y8rw39o8VrZfs6wThiF6
            [pc_cookie_iv] => HHffisZL
            [pc_active] => 1
            [pc_token] => ae1ce77057bd31d44832a0bb88dbc6a0
        )

)

2023-12-07 20:04:33 getbytoken Array
(
    [err] => 
    [msg] => Array
        (
            [pc_id] => 7107
            [pc_code] => 1593820800-0b8765520-0b87679499-0b8768914-1609756697
            [pc_domain] => 100x100fitness.com
            [pc_create_time] => 1597567442
            [pc_update_time] => 1597567442
            [pc_cookie_key] => paP9v8HiwYqy0NSC3Jo6mtsSqcQATBK2DXy0y8rw39o8VrZfs6wThiF6
            [pc_cookie_iv] => HHffisZL
            [pc_active] => 1
            [pc_token] => ae1ce77057bd31d44832a0bb88dbc6a0
        )

)

2024-04-29 16:30:31 getbytoken Array
(
    [err] => 
    [msg] => Array
        (
            [pc_id] => 7107
            [pc_code] => 1593820800-0b8765520-0b87679499-0b8768914-1609756697
            [pc_domain] => 100x100fitness.com
            [pc_create_time] => 1597567442
            [pc_update_time] => 1597567442
            [pc_cookie_key] => paP9v8HiwYqy0NSC3Jo6mtsSqcQATBK2DXy0y8rw39o8VrZfs6wThiF6
            [pc_cookie_iv] => HHffisZL
            [pc_active] => 1
            [pc_token] => ae1ce77057bd31d44832a0bb88dbc6a0
        )

)

2024-05-22 11:39:05 getbytoken Array
(
    [err] => 
    [msg] => Array
        (
            [pc_id] => 7107
            [pc_code] => 1593820800-0b8765520-0b87679499-0b8768914-1609756697
            [pc_domain] => 100x100fitness.com
            [pc_create_time] => 1597567442
            [pc_update_time] => 1597567442
            [pc_cookie_key] => paP9v8HiwYqy0NSC3Jo6mtsSqcQATBK2DXy0y8rw39o8VrZfs6wThiF6
            [pc_cookie_iv] => HHffisZL
            [pc_active] => 1
            [pc_token] => ae1ce77057bd31d44832a0bb88dbc6a0
        )

)

2024-06-10 12:24:27 getbytoken Array
(
    [err] => 
    [msg] => Array
        (
            [pc_id] => 7107
            [pc_code] => 1593820800-0b8765520-0b87679499-0b8768914-1609756697
            [pc_domain] => 100x100fitness.com
            [pc_create_time] => 1597567442
            [pc_update_time] => 1597567442
            [pc_cookie_key] => paP9v8HiwYqy0NSC3Jo6mtsSqcQATBK2DXy0y8rw39o8VrZfs6wThiF6
            [pc_cookie_iv] => HHffisZL
            [pc_active] => 1
            [pc_token] => ae1ce77057bd31d44832a0bb88dbc6a0
        )

)

2024-10-07 14:12:33 getbytoken Array
(
    [err] => 
    [msg] => Array
        (
            [pc_id] => 7107
            [pc_code] => 1593820800-0b8765520-0b87679499-0b8768914-1609756697
            [pc_domain] => 100x100fitness.com
            [pc_create_time] => 1597567442
            [pc_update_time] => 1597567442
            [pc_cookie_key] => paP9v8HiwYqy0NSC3Jo6mtsSqcQATBK2DXy0y8rw39o8VrZfs6wThiF6
            [pc_cookie_iv] => HHffisZL
            [pc_active] => 1
            [pc_token] => ae1ce77057bd31d44832a0bb88dbc6a0
        )

)

2025-05-28 19:31:57 getbytoken Array
(
    [err] => 
    [msg] => Array
        (
            [pc_id] => 7107
            [pc_code] => 1593820800-0b8765520-0b87679499-0b8768914-1609756697
            [pc_domain] => 100x100fitness.com
            [pc_create_time] => 1597567442
            [pc_update_time] => 1597567442
            [pc_cookie_key] => paP9v8HiwYqy0NSC3Jo6mtsSqcQATBK2DXy0y8rw39o8VrZfs6wThiF6
            [pc_cookie_iv] => HHffisZL
            [pc_active] => 1
            [pc_token] => ae1ce77057bd31d44832a0bb88dbc6a0
        )

)

